<?xml version="1.0" encoding="UTF-8"?>
<testng-results skipped="1" failed="0" total="1" passed="0">
  <reporter-output>
  </reporter-output>
  <suite name="Default suite" duration-ms="51074" started-at="2016-08-05T10:15:21Z" finished-at="2016-08-05T10:16:13Z">
    <groups>
    </groups>
    <test name="Default test" duration-ms="51074" started-at="2016-08-05T10:15:21Z" finished-at="2016-08-05T10:16:13Z">
      <class name="test1.test1">
        <test-method status="FAIL" signature="setUp()[pri:0, instance:test1.test1@7ac7a4e4]" name="setUp" is-config="true" duration-ms="0" started-at="2016-08-05T12:15:21Z" finished-at="2016-08-05T12:15:21Z">
          <exception class="org.openqa.selenium.WebDriverException">
            <message>
              <![CDATA[Failed to connect to binary FirefoxBinary(C:\Program Files (x86)\Mozilla Firefox\firefox.exe) on port 7055; process output follows: 
","version":"0.0.1","type":"extension","internalName":null,"updateURL":null,"updateKey":null,"optionsURL":null,"optionsType":null,"aboutURL":null,"icons":{},"iconURL":null,"icon64URL":null,"defaultLocale":{"name":"JabberCallAddOn","description":"Makes Jabber Call from web page","creator":"Cisco Systems, Inc.","homepageURL":null},"visible":true,"active":false,"userDisabled":true,"appDisabled":false,"descriptor":"C:\\Program Files (x86)\\Cisco Systems\\Cisco Jabber\\Plugins\\Click2XPlugin\\@jabbercallmozilla-0.0.1.xpi","installDate":1450426478000,"updateDate":1450426478000,"applyBackgroundUpdates":1,"bootstrap":true,"skinnable":false,"size":3325,"sourceURI":null,"releaseNotesURI":null,"softDisabled":false,"foreignInstall":true,"hasBinaryComponents":false,"strictCompatibility":false,"locales":[],"targetApplications":[{"id":"{ec8030f7-c20a-464f-9b0e-13a3a9e97384}","minVersion":"38.0a1","maxVersion":"43.0"}],"targetPlatforms":[],"multiprocessCompatible":false,"signedState":0,"seen":true}
1470392127555	DeferredSave.extensions.json	DEBUG	Save changes
1470392127555	addons.xpi	DEBUG	Updating database with changes to installed add-ons
1470392127555	addons.xpi-utils	DEBUG	Updating add-on states
1470392127556	addons.xpi-utils	DEBUG	Writing add-ons list
1470392127562	addons.xpi	DEBUG	Registering manifest for C:\Program Files (x86)\Mozilla Firefox\browser\features\e10srollout@mozilla.org.xpi
1470392127562	addons.xpi	DEBUG	Calling bootstrap method startup on e10srollout@mozilla.org version 1.0
1470392127562	addons.xpi	DEBUG	Registering manifest for C:\Program Files (x86)\Mozilla Firefox\browser\features\firefox@getpocket.com.xpi
1470392127563	addons.xpi	DEBUG	Calling bootstrap method startup on firefox@getpocket.com version 1.0.4
1470392127564	addons.xpi	DEBUG	Registering manifest for C:\Program Files (x86)\Mozilla Firefox\browser\features\loop@mozilla.org.xpi
1470392127566	addons.xpi	DEBUG	Calling bootstrap method startup on loop@mozilla.org version 1.4.3
1470392127595	addons.manager	DEBUG	Registering shutdown blocker for XPIProvider
1470392127595	addons.manager	DEBUG	Provider finished startup: XPIProvider
1470392127595	addons.manager	DEBUG	Starting provider: LightweightThemeManager
1470392127595	addons.manager	DEBUG	Registering shutdown blocker for LightweightThemeManager
1470392127596	addons.manager	DEBUG	Provider finished startup: LightweightThemeManager
1470392127596	addons.manager	DEBUG	Starting provider: GMPProvider
1470392127606	addons.manager	DEBUG	Registering shutdown blocker for GMPProvider
1470392127606	addons.manager	DEBUG	Provider finished startup: GMPProvider
1470392127606	addons.manager	DEBUG	Starting provider: PluginProvider
1470392127606	addons.manager	DEBUG	Registering shutdown blocker for PluginProvider
1470392127607	addons.manager	DEBUG	Provider finished startup: PluginProvider
1470392127607	addons.manager	DEBUG	Completed startup sequence
1470392129911	addons.manager	DEBUG	Starting provider: <unnamed-provider>
1470392129912	addons.manager	DEBUG	Registering shutdown blocker for <unnamed-provider>
1470392129912	addons.manager	DEBUG	Provider finished startup: <unnamed-provider>
1470392130821	DeferredSave.extensions.json	DEBUG	Write succeeded
1470392130822	addons.xpi-utils	DEBUG	XPI Database saved, setting schema version preference to 17
1470392130822	DeferredSave.extensions.json	DEBUG	Starting timer
1470392130850	DeferredSave.extensions.json	DEBUG	Starting write
1470392130855	addons.repository	DEBUG	No addons.json found.
1470392130856	DeferredSave.addons.json	DEBUG	Save changes
1470392130869	DeferredSave.addons.json	DEBUG	Starting timer
1470392131057	addons.manager	DEBUG	Starting provider: PreviousExperimentProvider
1470392131057	addons.manager	DEBUG	Registering shutdown blocker for PreviousExperimentProvider
1470392131059	addons.manager	DEBUG	Provider finished startup: PreviousExperimentProvider
1470392131072	DeferredSave.addons.json	DEBUG	Starting write
1470392131420	DeferredSave.extensions.json	DEBUG	Write succeeded
1470392132477	DeferredSave.addons.json	DEBUG	Write succeeded

Build info: version: '2.53.1', revision: 'a36b8b1', time: '2016-06-30 17:37:03'
System info: host: 'L-000391', ip: '172.17.131.126', os.name: 'Windows 7', os.arch: 'amd64', os.version: '6.1', java.version: '1.8.0_101'
Driver info: driver.version: FirefoxDriver]]>
            </message>
            <full-stacktrace>
              <![CDATA[org.openqa.selenium.WebDriverException: Failed to connect to binary FirefoxBinary(C:\Program Files (x86)\Mozilla Firefox\firefox.exe) on port 7055; process output follows: 
","version":"0.0.1","type":"extension","internalName":null,"updateURL":null,"updateKey":null,"optionsURL":null,"optionsType":null,"aboutURL":null,"icons":{},"iconURL":null,"icon64URL":null,"defaultLocale":{"name":"JabberCallAddOn","description":"Makes Jabber Call from web page","creator":"Cisco Systems, Inc.","homepageURL":null},"visible":true,"active":false,"userDisabled":true,"appDisabled":false,"descriptor":"C:\\Program Files (x86)\\Cisco Systems\\Cisco Jabber\\Plugins\\Click2XPlugin\\@jabbercallmozilla-0.0.1.xpi","installDate":1450426478000,"updateDate":1450426478000,"applyBackgroundUpdates":1,"bootstrap":true,"skinnable":false,"size":3325,"sourceURI":null,"releaseNotesURI":null,"softDisabled":false,"foreignInstall":true,"hasBinaryComponents":false,"strictCompatibility":false,"locales":[],"targetApplications":[{"id":"{ec8030f7-c20a-464f-9b0e-13a3a9e97384}","minVersion":"38.0a1","maxVersion":"43.0"}],"targetPlatforms":[],"multiprocessCompatible":false,"signedState":0,"seen":true}
1470392127555	DeferredSave.extensions.json	DEBUG	Save changes
1470392127555	addons.xpi	DEBUG	Updating database with changes to installed add-ons
1470392127555	addons.xpi-utils	DEBUG	Updating add-on states
1470392127556	addons.xpi-utils	DEBUG	Writing add-ons list
1470392127562	addons.xpi	DEBUG	Registering manifest for C:\Program Files (x86)\Mozilla Firefox\browser\features\e10srollout@mozilla.org.xpi
1470392127562	addons.xpi	DEBUG	Calling bootstrap method startup on e10srollout@mozilla.org version 1.0
1470392127562	addons.xpi	DEBUG	Registering manifest for C:\Program Files (x86)\Mozilla Firefox\browser\features\firefox@getpocket.com.xpi
1470392127563	addons.xpi	DEBUG	Calling bootstrap method startup on firefox@getpocket.com version 1.0.4
1470392127564	addons.xpi	DEBUG	Registering manifest for C:\Program Files (x86)\Mozilla Firefox\browser\features\loop@mozilla.org.xpi
1470392127566	addons.xpi	DEBUG	Calling bootstrap method startup on loop@mozilla.org version 1.4.3
1470392127595	addons.manager	DEBUG	Registering shutdown blocker for XPIProvider
1470392127595	addons.manager	DEBUG	Provider finished startup: XPIProvider
1470392127595	addons.manager	DEBUG	Starting provider: LightweightThemeManager
1470392127595	addons.manager	DEBUG	Registering shutdown blocker for LightweightThemeManager
1470392127596	addons.manager	DEBUG	Provider finished startup: LightweightThemeManager
1470392127596	addons.manager	DEBUG	Starting provider: GMPProvider
1470392127606	addons.manager	DEBUG	Registering shutdown blocker for GMPProvider
1470392127606	addons.manager	DEBUG	Provider finished startup: GMPProvider
1470392127606	addons.manager	DEBUG	Starting provider: PluginProvider
1470392127606	addons.manager	DEBUG	Registering shutdown blocker for PluginProvider
1470392127607	addons.manager	DEBUG	Provider finished startup: PluginProvider
1470392127607	addons.manager	DEBUG	Completed startup sequence
1470392129911	addons.manager	DEBUG	Starting provider: <unnamed-provider>
1470392129912	addons.manager	DEBUG	Registering shutdown blocker for <unnamed-provider>
1470392129912	addons.manager	DEBUG	Provider finished startup: <unnamed-provider>
1470392130821	DeferredSave.extensions.json	DEBUG	Write succeeded
1470392130822	addons.xpi-utils	DEBUG	XPI Database saved, setting schema version preference to 17
1470392130822	DeferredSave.extensions.json	DEBUG	Starting timer
1470392130850	DeferredSave.extensions.json	DEBUG	Starting write
1470392130855	addons.repository	DEBUG	No addons.json found.
1470392130856	DeferredSave.addons.json	DEBUG	Save changes
1470392130869	DeferredSave.addons.json	DEBUG	Starting timer
1470392131057	addons.manager	DEBUG	Starting provider: PreviousExperimentProvider
1470392131057	addons.manager	DEBUG	Registering shutdown blocker for PreviousExperimentProvider
1470392131059	addons.manager	DEBUG	Provider finished startup: PreviousExperimentProvider
1470392131072	DeferredSave.addons.json	DEBUG	Starting write
1470392131420	DeferredSave.extensions.json	DEBUG	Write succeeded
1470392132477	DeferredSave.addons.json	DEBUG	Write succeeded

Build info: version: '2.53.1', revision: 'a36b8b1', time: '2016-06-30 17:37:03'
System info: host: 'L-000391', ip: '172.17.131.126', os.name: 'Windows 7', os.arch: 'amd64', os.version: '6.1', java.version: '1.8.0_101'
Driver info: driver.version: FirefoxDriver
	at org.openqa.selenium.firefox.internal.NewProfileExtensionConnection.start(NewProfileExtensionConnection.java:124)
	at org.openqa.selenium.firefox.FirefoxDriver.startClient(FirefoxDriver.java:271)
	at org.openqa.selenium.remote.RemoteWebDriver.<init>(RemoteWebDriver.java:119)
	at org.openqa.selenium.firefox.FirefoxDriver.<init>(FirefoxDriver.java:218)
	at org.openqa.selenium.firefox.FirefoxDriver.<init>(FirefoxDriver.java:211)
	at org.openqa.selenium.firefox.FirefoxDriver.<init>(FirefoxDriver.java:207)
	at org.openqa.selenium.firefox.FirefoxDriver.<init>(FirefoxDriver.java:120)
	at test1.test1.setUp(test1.java:26)
	at sun.reflect.NativeMethodAccessorImpl.invoke0(Native Method)
	at sun.reflect.NativeMethodAccessorImpl.invoke(Unknown Source)
	at sun.reflect.DelegatingMethodAccessorImpl.invoke(Unknown Source)
	at java.lang.reflect.Method.invoke(Unknown Source)
	at org.testng.internal.MethodInvocationHelper.invokeMethod(MethodInvocationHelper.java:100)
	at org.testng.internal.Invoker.invokeConfigurationMethod(Invoker.java:515)
	at org.testng.internal.Invoker.invokeConfigurations(Invoker.java:216)
	at org.testng.internal.Invoker.invokeConfigurations(Invoker.java:143)
	at org.testng.internal.TestMethodWorker.invokeBeforeClassMethods(TestMethodWorker.java:169)
	at org.testng.internal.TestMethodWorker.run(TestMethodWorker.java:108)
	at org.testng.TestRunner.privateRun(TestRunner.java:746)
	at org.testng.TestRunner.run(TestRunner.java:600)
	at org.testng.SuiteRunner.runTest(SuiteRunner.java:366)
	at org.testng.SuiteRunner.runSequentially(SuiteRunner.java:361)
	at org.testng.SuiteRunner.privateRun(SuiteRunner.java:319)
	at org.testng.SuiteRunner.run(SuiteRunner.java:268)
	at org.testng.SuiteRunnerWorker.runSuite(SuiteRunnerWorker.java:52)
	at org.testng.SuiteRunnerWorker.run(SuiteRunnerWorker.java:86)
	at org.testng.TestNG.runSuitesSequentially(TestNG.java:1264)
	at org.testng.TestNG.runSuitesLocally(TestNG.java:1189)
	at org.testng.TestNG.runSuites(TestNG.java:1104)
	at org.testng.TestNG.run(TestNG.java:1076)
	at org.testng.remote.AbstractRemoteTestNG.run(AbstractRemoteTestNG.java:126)
	at org.testng.remote.RemoteTestNG.initAndRun(RemoteTestNG.java:152)
	at org.testng.remote.RemoteTestNG.main(RemoteTestNG.java:57)
Caused by: org.openqa.selenium.firefox.NotConnectedException: Unable to connect to host 127.0.0.1 on port 7055 after 45000 ms. Firefox console output:
","version":"0.0.1","type":"extension","internalName":null,"updateURL":null,"updateKey":null,"optionsURL":null,"optionsType":null,"aboutURL":null,"icons":{},"iconURL":null,"icon64URL":null,"defaultLocale":{"name":"JabberCallAddOn","description":"Makes Jabber Call from web page","creator":"Cisco Systems, Inc.","homepageURL":null},"visible":true,"active":false,"userDisabled":true,"appDisabled":false,"descriptor":"C:\\Program Files (x86)\\Cisco Systems\\Cisco Jabber\\Plugins\\Click2XPlugin\\@jabbercallmozilla-0.0.1.xpi","installDate":1450426478000,"updateDate":1450426478000,"applyBackgroundUpdates":1,"bootstrap":true,"skinnable":false,"size":3325,"sourceURI":null,"releaseNotesURI":null,"softDisabled":false,"foreignInstall":true,"hasBinaryComponents":false,"strictCompatibility":false,"locales":[],"targetApplications":[{"id":"{ec8030f7-c20a-464f-9b0e-13a3a9e97384}","minVersion":"38.0a1","maxVersion":"43.0"}],"targetPlatforms":[],"multiprocessCompatible":false,"signedState":0,"seen":true}
1470392127555	DeferredSave.extensions.json	DEBUG	Save changes
1470392127555	addons.xpi	DEBUG	Updating database with changes to installed add-ons
1470392127555	addons.xpi-utils	DEBUG	Updating add-on states
1470392127556	addons.xpi-utils	DEBUG	Writing add-ons list
1470392127562	addons.xpi	DEBUG	Registering manifest for C:\Program Files (x86)\Mozilla Firefox\browser\features\e10srollout@mozilla.org.xpi
1470392127562	addons.xpi	DEBUG	Calling bootstrap method startup on e10srollout@mozilla.org version 1.0
1470392127562	addons.xpi	DEBUG	Registering manifest for C:\Program Files (x86)\Mozilla Firefox\browser\features\firefox@getpocket.com.xpi
1470392127563	addons.xpi	DEBUG	Calling bootstrap method startup on firefox@getpocket.com version 1.0.4
1470392127564	addons.xpi	DEBUG	Registering manifest for C:\Program Files (x86)\Mozilla Firefox\browser\features\loop@mozilla.org.xpi
1470392127566	addons.xpi	DEBUG	Calling bootstrap method startup on loop@mozilla.org version 1.4.3
1470392127595	addons.manager	DEBUG	Registering shutdown blocker for XPIProvider
1470392127595	addons.manager	DEBUG	Provider finished startup: XPIProvider
1470392127595	addons.manager	DEBUG	Starting provider: LightweightThemeManager
1470392127595	addons.manager	DEBUG	Registering shutdown blocker for LightweightThemeManager
1470392127596	addons.manager	DEBUG	Provider finished startup: LightweightThemeManager
1470392127596	addons.manager	DEBUG	Starting provider: GMPProvider
1470392127606	addons.manager	DEBUG	Registering shutdown blocker for GMPProvider
1470392127606	addons.manager	DEBUG	Provider finished startup: GMPProvider
1470392127606	addons.manager	DEBUG	Starting provider: PluginProvider
1470392127606	addons.manager	DEBUG	Registering shutdown blocker for PluginProvider
1470392127607	addons.manager	DEBUG	Provider finished startup: PluginProvider
1470392127607	addons.manager	DEBUG	Completed startup sequence
1470392129911	addons.manager	DEBUG	Starting provider: <unnamed-provider>
1470392129912	addons.manager	DEBUG	Registering shutdown blocker for <unnamed-provider>
1470392129912	addons.manager	DEBUG	Provider finished startup: <unnamed-provider>
1470392130821	DeferredSave.extensions.json	DEBUG	Write succeeded
1470392130822	addons.xpi-utils	DEBUG	XPI Database saved, setting schema version preference to 17
1470392130822	DeferredSave.extensions.json	DEBUG	Starting timer
1470392130850	DeferredSave.extensions.json	DEBUG	Starting write
1470392130855	addons.repository	DEBUG	No addons.json found.
1470392130856	DeferredSave.addons.json	DEBUG	Save changes
1470392130869	DeferredSave.addons.json	DEBUG	Starting timer
1470392131057	addons.manager	DEBUG	Starting provider: PreviousExperimentProvider
1470392131057	addons.manager	DEBUG	Registering shutdown blocker for PreviousExperimentProvider
1470392131059	addons.manager	DEBUG	Provider finished startup: PreviousExperimentProvider
1470392131072	DeferredSave.addons.json	DEBUG	Starting write
1470392131420	DeferredSave.extensions.json	DEBUG	Write succeeded
1470392132477	DeferredSave.addons.json	DEBUG	Write succeeded

	at org.openqa.selenium.firefox.internal.NewProfileExtensionConnection.start(NewProfileExtensionConnection.java:112)
	... 32 more
]]>
            </full-stacktrace>
          </exception> <!-- org.openqa.selenium.WebDriverException -->
          <reporter-output>
          </reporter-output>
        </test-method> <!-- setUp -->
        <test-method status="SKIP" signature="TestGoogle()[pri:0, instance:test1.test1@7ac7a4e4]" name="TestGoogle" duration-ms="2" started-at="2016-08-05T12:16:13Z" finished-at="2016-08-05T12:16:13Z">
          <reporter-output>
          </reporter-output>
        </test-method> <!-- TestGoogle -->
        <test-method status="SKIP" signature="tearDown()[pri:0, instance:test1.test1@7ac7a4e4]" name="tearDown" is-config="true" duration-ms="0" started-at="2016-08-05T12:16:13Z" finished-at="2016-08-05T12:16:13Z">
          <reporter-output>
          </reporter-output>
        </test-method> <!-- tearDown -->
      </class> <!-- test1.test1 -->
    </test> <!-- Default test -->
  </suite> <!-- Default suite -->
</testng-results>
