<?xml version="1.0" encoding="UTF-8"?>
<testng-results skipped="0" failed="0" total="3" passed="3">
  <reporter-output>
  </reporter-output>
  <suite name="Default suite" duration-ms="38591" started-at="2016-08-05T12:42:40Z" finished-at="2016-08-05T12:43:19Z">
    <groups>
    </groups>
    <test name="Default test" duration-ms="38591" started-at="2016-08-05T12:42:40Z" finished-at="2016-08-05T12:43:19Z">
      <class name="test1.login">
        <test-method status="PASS" signature="beforeClass()[pri:0, instance:test1.login@7ac7a4e4]" name="beforeClass" is-config="true" duration-ms="10473" started-at="2016-08-05T14:42:40Z" finished-at="2016-08-05T14:42:51Z">
          <reporter-output>
          </reporter-output>
        </test-method> <!-- beforeClass -->
        <test-method status="PASS" signature="FailLoginAttemptInvalidPassword()[pri:0, instance:test1.login@7ac7a4e4]" name="FailLoginAttemptInvalidPassword" duration-ms="9346" started-at="2016-08-05T14:42:51Z" finished-at="2016-08-05T14:43:00Z">
          <reporter-output>
          </reporter-output>
        </test-method> <!-- FailLoginAttemptInvalidPassword -->
        <test-method status="PASS" signature="FailLoginAttemptInvalidUsername()[pri:0, instance:test1.login@7ac7a4e4]" name="FailLoginAttemptInvalidUsername" duration-ms="7721" started-at="2016-08-05T14:43:00Z" finished-at="2016-08-05T14:43:08Z">
          <reporter-output>
          </reporter-output>
        </test-method> <!-- FailLoginAttemptInvalidUsername -->
        <test-method status="PASS" signature="LoginAttempt()[pri:0, instance:test1.login@7ac7a4e4]" name="LoginAttempt" duration-ms="10089" started-at="2016-08-05T14:43:08Z" finished-at="2016-08-05T14:43:18Z">
          <reporter-output>
          </reporter-output>
        </test-method> <!-- LoginAttempt -->
        <test-method status="PASS" signature="afterClass()[pri:0, instance:test1.login@7ac7a4e4]" name="afterClass" is-config="true" duration-ms="923" started-at="2016-08-05T14:43:18Z" finished-at="2016-08-05T14:43:19Z">
          <reporter-output>
          </reporter-output>
        </test-method> <!-- afterClass -->
      </class> <!-- test1.login -->
    </test> <!-- Default test -->
  </suite> <!-- Default suite -->
</testng-results>
